[debug] [2024-08-02T12:01:47.340Z] ----------------------------------------------------------------------
[debug] [2024-08-02T12:01:47.342Z] Command:       /home/gitpod/.nvm/versions/node/v20.15.1/bin/node /home/gitpod/.nvm/versions/node/v20.15.1/bin/firebase init
[debug] [2024-08-02T12:01:47.342Z] CLI Version:   13.15.0
[debug] [2024-08-02T12:01:47.343Z] Platform:      linux
[debug] [2024-08-02T12:01:47.343Z] Node Version:  v20.15.1
[debug] [2024-08-02T12:01:47.343Z] Time:          Fri Aug 02 2024 12:01:47 GMT+0000 (Coordinated Universal Time)
[debug] [2024-08-02T12:01:47.343Z] ----------------------------------------------------------------------
[debug] 
[debug] [2024-08-02T12:01:47.348Z] > command requires scopes: ["email","openid","https://www.googleapis.com/auth/cloudplatformprojects.readonly","https://www.googleapis.com/auth/firebase","https://www.googleapis.com/auth/cloud-platform"]
[debug] [2024-08-02T12:01:47.348Z] > authorizing via signed-in user (miguel.serafim.ptal@gmail.com)
[info] 
     ######## #### ########  ######## ########     ###     ######  ########
     ##        ##  ##     ## ##       ##     ##  ##   ##  ##       ##
     ######    ##  ########  ######   ########  #########  ######  ######
     ##        ##  ##    ##  ##       ##     ## ##     ##       ## ##
     ##       #### ##     ## ######## ########  ##     ##  ######  ########

You're about to initialize a Firebase project in this directory:

  /workspace/AgendamentoTCC

Before we get started, keep in mind:

  * You are currently outside your home directory

[info] 
=== Project Setup
[info] 
[info] First, let's associate this project directory with a Firebase project.
[info] You can create multiple project aliases by running firebase use --add, 
[info] but for now we'll just set up a default project.
[info] 
[debug] [2024-08-02T12:03:49.066Z] >>> [apiv2][query] GET https://firebase.googleapis.com/v1beta1/projects pageSize=100
[debug] [2024-08-02T12:03:49.363Z] <<< [apiv2][status] GET https://firebase.googleapis.com/v1beta1/projects 200
[debug] [2024-08-02T12:03:49.364Z] <<< [apiv2][body] GET https://firebase.googleapis.com/v1beta1/projects [omitted]
[info] i  Using project agendamento-online-3a4f6 (agendamento-online) 
[info] 
=== Database Setup
[info] i  database: ensuring required API firebasedatabase.googleapis.com is enabled... 
[debug] [2024-08-02T12:03:51.115Z] >>> [apiv2][query] GET https://serviceusage.googleapis.com/v1/projects/agendamento-online-3a4f6/services/firebasedatabase.googleapis.com [none]
[debug] [2024-08-02T12:03:51.115Z] >>> [apiv2][(partial)header] GET https://serviceusage.googleapis.com/v1/projects/agendamento-online-3a4f6/services/firebasedatabase.googleapis.com x-goog-quota-user=projects/agendamento-online-3a4f6
[debug] [2024-08-02T12:03:51.538Z] <<< [apiv2][status] GET https://serviceusage.googleapis.com/v1/projects/agendamento-online-3a4f6/services/firebasedatabase.googleapis.com 200
[debug] [2024-08-02T12:03:51.538Z] <<< [apiv2][body] GET https://serviceusage.googleapis.com/v1/projects/agendamento-online-3a4f6/services/firebasedatabase.googleapis.com [omitted]
[warn] ⚠  database: missing required API firebasedatabase.googleapis.com. Enabling now... 
[debug] [2024-08-02T12:03:51.539Z] >>> [apiv2][query] POST https://serviceusage.googleapis.com/v1/projects/agendamento-online-3a4f6/services/firebasedatabase.googleapis.com:enable [none]
[debug] [2024-08-02T12:03:51.539Z] >>> [apiv2][(partial)header] POST https://serviceusage.googleapis.com/v1/projects/agendamento-online-3a4f6/services/firebasedatabase.googleapis.com:enable x-goog-quota-user=projects/agendamento-online-3a4f6
[debug] [2024-08-02T12:03:51.818Z] <<< [apiv2][status] POST https://serviceusage.googleapis.com/v1/projects/agendamento-online-3a4f6/services/firebasedatabase.googleapis.com:enable 200
[debug] [2024-08-02T12:03:51.819Z] <<< [apiv2][body] POST https://serviceusage.googleapis.com/v1/projects/agendamento-online-3a4f6/services/firebasedatabase.googleapis.com:enable [omitted]
[debug] [2024-08-02T12:04:01.822Z] >>> [apiv2][query] GET https://serviceusage.googleapis.com/v1/projects/agendamento-online-3a4f6/services/firebasedatabase.googleapis.com [none]
[debug] [2024-08-02T12:04:01.822Z] >>> [apiv2][(partial)header] GET https://serviceusage.googleapis.com/v1/projects/agendamento-online-3a4f6/services/firebasedatabase.googleapis.com x-goog-quota-user=projects/agendamento-online-3a4f6
[debug] [2024-08-02T12:04:02.255Z] <<< [apiv2][status] GET https://serviceusage.googleapis.com/v1/projects/agendamento-online-3a4f6/services/firebasedatabase.googleapis.com 200
[debug] [2024-08-02T12:04:02.255Z] <<< [apiv2][body] GET https://serviceusage.googleapis.com/v1/projects/agendamento-online-3a4f6/services/firebasedatabase.googleapis.com [omitted]
[info] ✔  database: required API firebasedatabase.googleapis.com is enabled 
[info] 
[debug] [2024-08-02T12:04:02.258Z] >>> [apiv2][query] GET https://firebase.googleapis.com/v1beta1/projects/agendamento-online-3a4f6 [none]
[debug] [2024-08-02T12:04:02.421Z] <<< [apiv2][status] GET https://firebase.googleapis.com/v1beta1/projects/agendamento-online-3a4f6 200
[debug] [2024-08-02T12:04:02.421Z] <<< [apiv2][body] GET https://firebase.googleapis.com/v1beta1/projects/agendamento-online-3a4f6 {"projectId":"agendamento-online-3a4f6","projectNumber":"443802581600","displayName":"agendamento-online","name":"projects/agendamento-online-3a4f6","resources":{"hostingSite":"agendamento-online-3a4f6"},"state":"ACTIVE","etag":"1_022fb34c-6ab3-459e-b155-3069c4328ebf"}
[debug] [2024-08-02T12:04:12.583Z] >>> [apiv2][query] POST https://firebasedatabase.googleapis.com/v1beta/projects/agendamento-online-3a4f6/locations/us-central1/instances databaseId=agendamento-online-3a4f6-default-rtdb&validateOnly=true
[debug] [2024-08-02T12:04:12.583Z] >>> [apiv2][body] POST https://firebasedatabase.googleapis.com/v1beta/projects/agendamento-online-3a4f6/locations/us-central1/instances {"type":"default_database"}
[debug] [2024-08-02T12:04:12.961Z] <<< [apiv2][status] POST https://firebasedatabase.googleapis.com/v1beta/projects/agendamento-online-3a4f6/locations/us-central1/instances 200
[debug] [2024-08-02T12:04:12.961Z] <<< [apiv2][body] POST https://firebasedatabase.googleapis.com/v1beta/projects/agendamento-online-3a4f6/locations/us-central1/instances {"name":"projects/443802581600/locations/us-central1/instances/agendamento-online-3a4f6-default-rtdb","project":"projects/443802581600","databaseUrl":"https://agendamento-online-3a4f6-default-rtdb.firebaseio.com","type":"DEFAULT_DATABASE","state":"ACTIVE"}
[debug] [2024-08-02T12:04:12.962Z] >>> [apiv2][query] POST https://firebasedatabase.googleapis.com/v1beta/projects/agendamento-online-3a4f6/locations/us-central1/instances databaseId=agendamento-online-3a4f6-default-rtdb
[debug] [2024-08-02T12:04:12.962Z] >>> [apiv2][body] POST https://firebasedatabase.googleapis.com/v1beta/projects/agendamento-online-3a4f6/locations/us-central1/instances {"type":"default_database"}
[debug] [2024-08-02T12:04:13.365Z] <<< [apiv2][status] POST https://firebasedatabase.googleapis.com/v1beta/projects/agendamento-online-3a4f6/locations/us-central1/instances 200
[debug] [2024-08-02T12:04:13.365Z] <<< [apiv2][body] POST https://firebasedatabase.googleapis.com/v1beta/projects/agendamento-online-3a4f6/locations/us-central1/instances {"name":"projects/443802581600/locations/us-central1/instances/agendamento-online-3a4f6-default-rtdb","project":"projects/443802581600","databaseUrl":"https://agendamento-online-3a4f6-default-rtdb.firebaseio.com","type":"DEFAULT_DATABASE","state":"ACTIVE"}
[info] 
[info] Firebase Realtime Database Security Rules allow you to define how your data should be
[info] structured and when your data can be read from and written to.
[info] 
[debug] [2024-08-02T12:04:18.071Z] >>> [apiv2][query] GET https://agendamento-online-3a4f6-default-rtdb.firebaseio.com/.settings/rules.json [none]
[debug] [2024-08-02T12:04:18.634Z] <<< [apiv2][status] GET https://agendamento-online-3a4f6-default-rtdb.firebaseio.com/.settings/rules.json 200
[debug] [2024-08-02T12:04:18.634Z] <<< [apiv2][body] GET https://agendamento-online-3a4f6-default-rtdb.firebaseio.com/.settings/rules.json [stream]
[info] ✔  Database Rules for agendamento-online-3a4f6-default-rtdb have been written to database.rules.json. 
[info] Future modifications to database.rules.json will update Realtime Database Security Rules when you run
[info] firebase deploy.
[info] 
=== Functions Setup
[debug] [2024-08-02T12:04:18.636Z] > command requires scopes: ["email","openid","https://www.googleapis.com/auth/cloudplatformprojects.readonly","https://www.googleapis.com/auth/firebase","https://www.googleapis.com/auth/cloud-platform"]
[debug] [2024-08-02T12:04:18.636Z] > authorizing via signed-in user (miguel.serafim.ptal@gmail.com)
[debug] [2024-08-02T12:04:18.636Z] [iam] checking project agendamento-online-3a4f6 for permissions ["firebase.projects.get"]
[debug] [2024-08-02T12:04:18.637Z] >>> [apiv2][query] POST https://cloudresourcemanager.googleapis.com/v1/projects/agendamento-online-3a4f6:testIamPermissions [none]
[debug] [2024-08-02T12:04:18.637Z] >>> [apiv2][(partial)header] POST https://cloudresourcemanager.googleapis.com/v1/projects/agendamento-online-3a4f6:testIamPermissions x-goog-quota-user=projects/agendamento-online-3a4f6
[debug] [2024-08-02T12:04:18.637Z] >>> [apiv2][body] POST https://cloudresourcemanager.googleapis.com/v1/projects/agendamento-online-3a4f6:testIamPermissions {"permissions":["firebase.projects.get"]}
[debug] [2024-08-02T12:04:18.719Z] <<< [apiv2][status] POST https://cloudresourcemanager.googleapis.com/v1/projects/agendamento-online-3a4f6:testIamPermissions 200
[debug] [2024-08-02T12:04:18.720Z] <<< [apiv2][body] POST https://cloudresourcemanager.googleapis.com/v1/projects/agendamento-online-3a4f6:testIamPermissions {"permissions":["firebase.projects.get"]}
[debug] [2024-08-02T12:04:18.720Z] >>> [apiv2][query] GET https://serviceusage.googleapis.com/v1/projects/agendamento-online-3a4f6/services/cloudfunctions.googleapis.com [none]
[debug] [2024-08-02T12:04:18.720Z] >>> [apiv2][(partial)header] GET https://serviceusage.googleapis.com/v1/projects/agendamento-online-3a4f6/services/cloudfunctions.googleapis.com x-goog-quota-user=projects/agendamento-online-3a4f6
[debug] [2024-08-02T12:04:18.721Z] >>> [apiv2][query] GET https://serviceusage.googleapis.com/v1/projects/agendamento-online-3a4f6/services/runtimeconfig.googleapis.com [none]
[debug] [2024-08-02T12:04:18.721Z] >>> [apiv2][(partial)header] GET https://serviceusage.googleapis.com/v1/projects/agendamento-online-3a4f6/services/runtimeconfig.googleapis.com x-goog-quota-user=projects/agendamento-online-3a4f6
[debug] [2024-08-02T12:04:19.153Z] <<< [apiv2][status] GET https://serviceusage.googleapis.com/v1/projects/agendamento-online-3a4f6/services/cloudfunctions.googleapis.com 200
[debug] [2024-08-02T12:04:19.154Z] <<< [apiv2][body] GET https://serviceusage.googleapis.com/v1/projects/agendamento-online-3a4f6/services/cloudfunctions.googleapis.com [omitted]
[debug] [2024-08-02T12:04:19.154Z] >>> [apiv2][query] POST https://serviceusage.googleapis.com/v1/projects/agendamento-online-3a4f6/services/cloudfunctions.googleapis.com:enable [none]
[debug] [2024-08-02T12:04:19.154Z] >>> [apiv2][(partial)header] POST https://serviceusage.googleapis.com/v1/projects/agendamento-online-3a4f6/services/cloudfunctions.googleapis.com:enable x-goog-quota-user=projects/agendamento-online-3a4f6
[debug] [2024-08-02T12:04:19.157Z] <<< [apiv2][status] GET https://serviceusage.googleapis.com/v1/projects/agendamento-online-3a4f6/services/runtimeconfig.googleapis.com 200
[debug] [2024-08-02T12:04:19.157Z] <<< [apiv2][body] GET https://serviceusage.googleapis.com/v1/projects/agendamento-online-3a4f6/services/runtimeconfig.googleapis.com [omitted]
[debug] [2024-08-02T12:04:19.660Z] <<< [apiv2][status] POST https://serviceusage.googleapis.com/v1/projects/agendamento-online-3a4f6/services/cloudfunctions.googleapis.com:enable 200
[debug] [2024-08-02T12:04:19.660Z] <<< [apiv2][body] POST https://serviceusage.googleapis.com/v1/projects/agendamento-online-3a4f6/services/cloudfunctions.googleapis.com:enable [omitted]
[debug] [2024-08-02T12:04:29.662Z] >>> [apiv2][query] GET https://serviceusage.googleapis.com/v1/projects/agendamento-online-3a4f6/services/cloudfunctions.googleapis.com [none]
[debug] [2024-08-02T12:04:29.662Z] >>> [apiv2][(partial)header] GET https://serviceusage.googleapis.com/v1/projects/agendamento-online-3a4f6/services/cloudfunctions.googleapis.com x-goog-quota-user=projects/agendamento-online-3a4f6
[debug] [2024-08-02T12:04:30.092Z] <<< [apiv2][status] GET https://serviceusage.googleapis.com/v1/projects/agendamento-online-3a4f6/services/cloudfunctions.googleapis.com 200
[debug] [2024-08-02T12:04:30.092Z] <<< [apiv2][body] GET https://serviceusage.googleapis.com/v1/projects/agendamento-online-3a4f6/services/cloudfunctions.googleapis.com [omitted]
[info] Let's create a new codebase for your functions.
[info] A directory corresponding to the codebase will be created in your project
[info] with sample code pre-configured.

[info] See https://firebase.google.com/docs/functions/organize-functions for
[info] more information on organizing your functions using codebases.

[info] Functions can be deployed with firebase deploy.

[info] ✔  Wrote functions/package.json 
[info] ✔  Wrote functions/.eslintrc.js 
[info] ✔  Wrote functions/index.js 
[info] ✔  Wrote functions/.gitignore 
[info] 
=== Hosting Setup
[debug] [2024-08-02T12:04:55.891Z] >>> [apiv2][query] GET https://firebase.googleapis.com/v1beta1/projects/agendamento-online-3a4f6 [none]
[debug] [2024-08-02T12:04:56.023Z] <<< [apiv2][status] GET https://firebase.googleapis.com/v1beta1/projects/agendamento-online-3a4f6 200
[debug] [2024-08-02T12:04:56.023Z] <<< [apiv2][body] GET https://firebase.googleapis.com/v1beta1/projects/agendamento-online-3a4f6 {"projectId":"agendamento-online-3a4f6","projectNumber":"443802581600","displayName":"agendamento-online","name":"projects/agendamento-online-3a4f6","resources":{"hostingSite":"agendamento-online-3a4f6","realtimeDatabaseInstance":"agendamento-online-3a4f6-default-rtdb"},"state":"ACTIVE","etag":"1_022fb34c-6ab3-459e-b155-3069c4328ebf"}
[info] 
[info] Your public directory is the folder (relative to your project directory) that
[info] will contain Hosting assets to be uploaded with firebase deploy. If you
[info] have a build process for your assets, use your build's output directory.
[info] 
[debug] [2024-08-02T12:05:30.593Z] >>> [apiv2][query] GET https://www.gstatic.com/firebasejs/releases.json [none]
[debug] [2024-08-02T12:05:30.623Z] <<< [apiv2][status] GET https://www.gstatic.com/firebasejs/releases.json 200
[debug] [2024-08-02T12:05:30.623Z] <<< [apiv2][body] GET https://www.gstatic.com/firebasejs/releases.json {"current":{"version":"10.12.5","browserURL":"https://www.gstatic.com/firebasejs/10.12.5/firebase.js","packageURL":"https://www.gstatic.com/firebasejs/10.12.5/firebase.tgz"},"live":{"version":"10.12","browserURL":"https://www.gstatic.com/firebasejs/live/10.12/firebase.js","packageURL":"https://www.gstatic.com/firebasejs/live/10.12/firebase.tgz"},"components":{"analytics":"https://www.gstatic.com/firebasejs/10.12.5/firebase-analytics.js","app":"https://www.gstatic.com/firebasejs/10.12.5/firebase-app.js","app-check":"https://www.gstatic.com/firebasejs/10.12.5/firebase-app-check.js","auth":"https://www.gstatic.com/firebasejs/10.12.5/firebase-auth.js","auth/cordova":"https://www.gstatic.com/firebasejs/10.12.5/firebase-auth/cordova.js","auth/web-extension":"https://www.gstatic.com/firebasejs/10.12.5/firebase-auth/web-extension.js","functions":"https://www.gstatic.com/firebasejs/10.12.5/firebase-functions.js","firestore":"https://www.gstatic.com/firebasejs/10.12.5/firebase-firestore.js","firestore/lite":"https://www.gstatic.com/firebasejs/10.12.5/firebase-firestore/lite.js","installations":"https://www.gstatic.com/firebasejs/10.12.5/firebase-installations.js","storage":"https://www.gstatic.com/firebasejs/10.12.5/firebase-storage.js","performance":"https://www.gstatic.com/firebasejs/10.12.5/firebase-performance.js","remote-config":"https://www.gstatic.com/firebasejs/10.12.5/firebase-remote-config.js","messaging":"https://www.gstatic.com/firebasejs/10.12.5/firebase-messaging.js","messaging/sw":"https://www.gstatic.com/firebasejs/10.12.5/firebase-messaging/sw.js","database":"https://www.gstatic.com/firebasejs/10.12.5/firebase-database.js","vertexai-preview":"https://www.gstatic.com/firebasejs/10.12.5/firebase-vertexai-preview.js","firestore.memory":"https://www.gstatic.com/firebasejs/10.12.5/firebase-firestore.memory.js"}}
[info] ✔  Wrote public/index.html 
[info] 
[info] i  Detected a .git folder at /workspace/AgendamentoTCC 
[info] i  Authorizing with GitHub to upload your service account to a GitHub repository's secrets store. 
[info] 
[info] Visit this URL on this device to log in:
[info] https://github.com/login/oauth/authorize?client_id=89cf50f02ac6aaed3484&state=678189036&redirect_uri=http%3A%2F%2Flocalhost%3A9005&scope=read%3Auser%20repo%20public_repo
[info] 
[info] Waiting for authentication...
